# JRE version: OpenJDK Runtime Environment Microsoft-8035246 (17.0.8+7) (build 17.0.8+7-LTS)
# Java VM: OpenJDK 64-Bit Server VM Microsoft-8035246 (17.0.8+7-LTS, mixed mode, sharing, tiered, compressed oops, compressed class ptrs, g1 gc, windows-amd64)
GC Precious Log:
 CPUs: 8 total, 8 available
 Memory: 24360M
 Large Page Support: Disabled
 NUMA Support: Disabled
 Compressed Oops: Enabled (32-bit)
 Heap Region Size: 1M
 Heap Min Capacity: 8M
 Heap Initial Capacity: 382M
 Heap Max Capacity: 2G
 Pre-touch: Disabled
 Parallel Workers: 8
 Concurrent Workers: 2
 Concurrent Refinement Workers: 8
 Periodic GC: Disabled
Heap:
 garbage-first heap   total 283648K, used 222641K [0x0000000080000000, 0x0000000100000000)
  region size 1024K, 46 young (47104K), 7 survivors (7168K)
 Metaspace       used 99682K, committed 100864K, reserved 557056K
  class space    used 13974K, committed 14528K, reserved 425984K
GC Heap History (20 events):
Event: 92.678 GC heap before
{Heap before GC invocations=32 (full 0):
 garbage-first heap   total 236544K, used 173558K [0x0000000080000000, 0x0000000100000000)
  region size 1024K, 33 young (33792K), 1 survivors (1024K)
 Metaspace       used 89948K, committed 90880K, reserved 557056K
  class space    used 12633K, committed 13056K, reserved 425984K
}
Event: 92.683 GC heap after
{Heap after GC invocations=33 (full 0):
 garbage-first heap   total 236544K, used 148181K [0x0000000080000000, 0x0000000100000000)
  region size 1024K, 5 young (5120K), 5 survivors (5120K)
 Metaspace       used 89948K, committed 90880K, reserved 557056K
  class space    used 12633K, committed 13056K, reserved 425984K
}
Event: 95.840 GC heap before
{Heap before GC invocations=34 (full 0):
 garbage-first heap   total 250880K, used 185045K [0x0000000080000000, 0x0000000100000000)
  region size 1024K, 39 young (39936K), 5 survivors (5120K)
 Metaspace       used 90718K, committed 91712K, reserved 557056K
  class space    used 12732K, committed 13184K, reserved 425984K
}
Event: 95.851 GC heap after
{Heap after GC invocations=35 (full 0):
 garbage-first heap   total 250880K, used 156724K [0x0000000080000000, 0x0000000100000000)
  region size 1024K, 5 young (5120K), 5 survivors (5120K)
 Metaspace       used 90718K, committed 91712K, reserved 557056K
  class space    used 12732K, committed 13184K, reserved 425984K
}
Event: 95.961 GC heap before
{Heap before GC invocations=35 (full 0):
 garbage-first heap   total 250880K, used 163892K [0x0000000080000000, 0x0000000100000000)
  region size 1024K, 12 young (12288K), 5 survivors (5120K)
 Metaspace       used 91138K, committed 92096K, reserved 557056K
  class space    used 12787K, committed 13248K, reserved 425984K
}
Event: 95.966 GC heap after
{Heap after GC invocations=36 (full 0):
 garbage-first heap   total 250880K, used 157401K [0x0000000080000000, 0x0000000100000000)
  region size 1024K, 1 young (1024K), 1 survivors (1024K)
 Metaspace       used 91138K, committed 92096K, reserved 557056K
  class space    used 12787K, committed 13248K, reserved 425984K
}
Event: 96.603 GC heap before
{Heap before GC invocations=36 (full 0):
 garbage-first heap   total 250880K, used 195289K [0x0000000080000000, 0x0000000100000000)
  region size 1024K, 38 young (38912K), 1 survivors (1024K)
 Metaspace       used 94156K, committed 95104K, reserved 557056K
  class space    used 13262K, committed 13696K, reserved 425984K
}
Event: 96.607 GC heap after
{Heap after GC invocations=37 (full 0):
 garbage-first heap   total 250880K, used 158729K [0x0000000080000000, 0x0000000100000000)
  region size 1024K, 3 young (3072K), 3 survivors (3072K)
 Metaspace       used 94156K, committed 95104K, reserved 557056K
  class space    used 13262K, committed 13696K, reserved 425984K
}
Event: 97.245 GC heap before
{Heap before GC invocations=38 (full 0):
 garbage-first heap   total 283648K, used 196617K [0x0000000080000000, 0x0000000100000000)
  region size 1024K, 40 young (40960K), 3 survivors (3072K)
 Metaspace       used 96201K, committed 97216K, reserved 557056K
  class space    used 13520K, committed 14016K, reserved 425984K
}
Event: 97.252 GC heap after
{Heap after GC invocations=39 (full 0):
 garbage-first heap   total 283648K, used 161952K [0x0000000080000000, 0x0000000100000000)
  region size 1024K, 5 young (5120K), 5 survivors (5120K)
 Metaspace       used 96201K, committed 97216K, reserved 557056K
  class space    used 13520K, committed 14016K, reserved 425984K
}
Event: 97.348 GC heap before
{Heap before GC invocations=39 (full 0):
 garbage-first heap   total 283648K, used 170144K [0x0000000080000000, 0x0000000100000000)
  region size 1024K, 13 young (13312K), 5 survivors (5120K)
 Metaspace       used 96680K, committed 97728K, reserved 557056K
  class space    used 13580K, committed 14080K, reserved 425984K
}
Event: 97.353 GC heap after
{Heap after GC invocations=40 (full 0):
 garbage-first heap   total 283648K, used 162350K [0x0000000080000000, 0x0000000100000000)
  region size 1024K, 1 young (1024K), 1 survivors (1024K)
 Metaspace       used 96680K, committed 97728K, reserved 557056K
  class space    used 13580K, committed 14080K, reserved 425984K
}
Event: 98.062 GC heap before
{Heap before GC invocations=40 (full 0):
 garbage-first heap   total 283648K, used 218670K [0x0000000080000000, 0x0000000100000000)
  region size 1024K, 56 young (57344K), 1 survivors (1024K)
 Metaspace       used 97649K, committed 98688K, reserved 557056K
  class space    used 13674K, committed 14144K, reserved 425984K
}
Event: 98.068 GC heap after
{Heap after GC invocations=41 (full 0):
 garbage-first heap   total 283648K, used 168960K [0x0000000080000000, 0x0000000100000000)
  region size 1024K, 7 young (7168K), 7 survivors (7168K)
 Metaspace       used 97649K, committed 98688K, reserved 557056K
  class space    used 13674K, committed 14144K, reserved 425984K
}
Event: 98.583 GC heap before
{Heap before GC invocations=41 (full 0):
 garbage-first heap   total 283648K, used 223232K [0x0000000080000000, 0x0000000100000000)
  region size 1024K, 60 young (61440K), 7 survivors (7168K)
 Metaspace       used 98291K, committed 99328K, reserved 557056K
  class space    used 13744K, committed 14208K, reserved 425984K
}
Event: 98.593 GC heap after
{Heap after GC invocations=42 (full 0):
 garbage-first heap   total 283648K, used 175365K [0x0000000080000000, 0x0000000100000000)
  region size 1024K, 7 young (7168K), 7 survivors (7168K)
 Metaspace       used 98291K, committed 99328K, reserved 557056K
  class space    used 13744K, committed 14208K, reserved 425984K
}
Event: 99.160 GC heap before
{Heap before GC invocations=42 (full 0):
 garbage-first heap   total 283648K, used 227589K [0x0000000080000000, 0x0000000100000000)
  region size 1024K, 58 young (59392K), 7 survivors (7168K)
 Metaspace       used 99291K, committed 100416K, reserved 557056K
  class space    used 13924K, committed 14464K, reserved 425984K
}
Event: 99.169 GC heap after
{Heap after GC invocations=43 (full 0):
 garbage-first heap   total 283648K, used 178271K [0x0000000080000000, 0x0000000100000000)
  region size 1024K, 4 young (4096K), 4 survivors (4096K)
 Metaspace       used 99291K, committed 100416K, reserved 557056K
  class space    used 13924K, committed 14464K, reserved 425984K
}
Event: 99.653 GC heap before
{Heap before GC invocations=43 (full 0):
 garbage-first heap   total 283648K, used 230495K [0x0000000080000000, 0x0000000100000000)
  region size 1024K, 56 young (57344K), 4 survivors (4096K)
 Metaspace       used 99657K, committed 100800K, reserved 557056K
  class space    used 13973K, committed 14528K, reserved 425984K
}
Event: 99.661 GC heap after
{Heap after GC invocations=44 (full 0):
 garbage-first heap   total 283648K, used 183729K [0x0000000080000000, 0x0000000100000000)
  region size 1024K, 7 young (7168K), 7 survivors (7168K)
 Metaspace       used 99657K, committed 100800K, reserved 557056K
  class space    used 13973K, committed 14528K, reserved 425984K
}

